<?xml version="1.0" encoding="UTF-8"?>
<!-- Generated by org.testng.reporters.JUnitXMLReporter -->
<testsuite hostname="DESKTOP-KG1G495" ignored="0" name="Default test" tests="3" failures="0" timestamp="30 Mar 2019 04:05:14 GMT" time="7.166" errors="0">
  <testcase name="LoadBrwser" time="7.1" classname="testCases.TC_01_BrowserLooadTest"/>
  <testcase name="LoginProcess" time="0.004" classname="testCases.TC_01_BrowserLooadTest"/>
  <testcase name="Flight_Finding" time="0.004" classname="testCases.TC_01_BrowserLooadTest"/>
</testsuite> <!-- Default test -->
